<?xml version="1.0" encoding="UTF-8"?>
<Site BuildName="(empty)"
	BuildStamp="20220816-0853-Experimental"
	Name="(empty)"
	Generator="ctest-3.23.0"
	CompilerName=""
	CompilerVersion=""
	OSName="Windows"
	Hostname="AdamThinkpad"
	OSRelease=" Professional"
	OSVersion=" (Build 19044)"
	OSPlatform="AMD64"
	Is64Bits="1"
	VendorString=""
	VendorID="Unknown Manufacturer"
	FamilyID="0"
	ModelID="0"
	ProcessorCacheSize="0"
	NumberOfLogicalCPU="16"
	NumberOfPhysicalCPU="8"
	TotalVirtualMemory="25575"
	TotalPhysicalMemory="22247"
	LogicalProcessorsPerPhysical="2"
	ProcessorClockFrequency="1697"
	>
	<Testing>
		<StartDateTime>Aug 16 10:28 GMT Summer Time</StartDateTime>
		<StartTestTime>1660642099</StartTestTime>
		<TestList>
			<Test>./test/AccountTests</Test>
		</TestList>
		<Test Status="passed">
			<Name>AccountTests</Name>
			<Path>./test</Path>
			<FullName>./test/AccountTests</FullName>
			<FullCommandLine>C:\Users\Adam\source\repos\Example_TestFramework\build\test\AccountTests.exe</FullCommandLine>
			<Results>
				<NamedMeasurement type="numeric/double" name="Execution Time">
					<Value>0.113312</Value>
				</NamedMeasurement>
				<NamedMeasurement type="numeric/double" name="Processors">
					<Value>1</Value>
				</NamedMeasurement>
				<NamedMeasurement type="text/string" name="Completion Status">
					<Value>Completed</Value>
				</NamedMeasurement>
				<NamedMeasurement type="text/string" name="Command Line">
					<Value>C:\Users\Adam\source\repos\Example_TestFramework\build\test\AccountTests.exe</Value>
				</NamedMeasurement>
				<NamedMeasurement type="text/string" name="Environment">
					<Value>#CTEST_RESOURCE_GROUP_COUNT=</Value>
				</NamedMeasurement>
				<Measurement>
					<Value encoding="base64" compression="gzip">eJydU01PwzAMvfdX5Lgd1m4TJyQOEwIOSCBN22maoixx24gmrvKxbvx6khYmQGxr8cmJ/Z6fbXnptZa6IIpJPRqT3KAi97fZ2oKx2UIwlVn0hkNmoEabPRyYqiugK7Du0TAFDZq3rEAsKnDh77trDc+K6NFInnKebO5OtiXLz8qzOYlJtqs9ax/EeukgTTaTk23JU4U7VnVx0HtpUCvQIRfcxNe/kn+yLjhHr12rWh6cN5BsyHL9Qlrb/hFPmQ0jcFRDQ1kXpdJSULU7Bmxnr8+DsWQ0JcqO+5YXcerSRRqvfMVCTzQMgWkOfVVcoOgr5oviHQxSVxpsQjcHDrWTqK/quIgeKkFDwZzcA9Ve7cD8X801ooGLaqQrhWENNSA8H76lc/i+Mk746FCprc9zyWW4D5p7Ley5QaVpmqxKICZeFebEBb+9MPSu9o40zIaYwj0IYmUUJMP1BRIQtksuA7TESkT0bDq/IbtjIEiTD09uh4o=</Value>
				</Measurement>
			</Results>
		</Test>
		<EndDateTime>Aug 16 10:28 GMT Summer Time</EndDateTime>
		<EndTestTime>1660642099</EndTestTime>
		<ElapsedMinutes>0</ElapsedMinutes>
	</Testing>
</Site>
