<?xml version="1.0" encoding="UTF-8"?>
<Site BuildName="(empty)"
	BuildStamp="20220822-0959-Experimental"
	Name="(empty)"
	Generator="ctest-3.23.0"
	CompilerName=""
	CompilerVersion=""
	OSName="Windows"
	Hostname="AdamThinkpad"
	OSRelease=" Professional"
	OSVersion=" (Build 19044)"
	OSPlatform="AMD64"
	Is64Bits="1"
	VendorString=""
	VendorID="Unknown Manufacturer"
	FamilyID="0"
	ModelID="0"
	ProcessorCacheSize="0"
	NumberOfLogicalCPU="16"
	NumberOfPhysicalCPU="8"
	TotalVirtualMemory="25575"
	TotalPhysicalMemory="22247"
	LogicalProcessorsPerPhysical="2"
	ProcessorClockFrequency="1697"
	>
	<Testing>
		<StartDateTime>Aug 22 11:37 GMT Summer Time</StartDateTime>
		<StartTestTime>1661164635</StartTestTime>
		<TestList>
			<Test>./test/AccountTests</Test>
		</TestList>
		<Test Status="passed">
			<Name>AccountTests</Name>
			<Path>./test</Path>
			<FullName>./test/AccountTests</FullName>
			<FullCommandLine>C:\Users\Adam\source\repos\Example_TestFramework\build\test\AccountTests.exe</FullCommandLine>
			<Results>
				<NamedMeasurement type="numeric/double" name="Execution Time">
					<Value>0.121894</Value>
				</NamedMeasurement>
				<NamedMeasurement type="numeric/double" name="Processors">
					<Value>1</Value>
				</NamedMeasurement>
				<NamedMeasurement type="text/string" name="Completion Status">
					<Value>Completed</Value>
				</NamedMeasurement>
				<NamedMeasurement type="text/string" name="Command Line">
					<Value>C:\Users\Adam\source\repos\Example_TestFramework\build\test\AccountTests.exe</Value>
				</NamedMeasurement>
				<NamedMeasurement type="text/string" name="Environment">
					<Value>#CTEST_RESOURCE_GROUP_COUNT=</Value>
				</NamedMeasurement>
				<Measurement>
					<Value encoding="base64" compression="gzip">eJydUz1vwjAQ3fMrPMJAAqhTpQ6oajtUaiUEE0KWsS+J1dgX+YNAf33tpEVtVSDpLTnn7r17PustvdZSF0QxqUdjkhtU5P42W1swNlsIpjKL3nDIDNRos4cDU3UFdAXWPRqmoEHzlhWIRQUu/PueWsOzImY0kqecJ5u7U2zJ8nPyfE5ik+1mdwdivQzfNNlMTrElTxXuWNU1gN5Lg1qBDs3gJr7+1Tz7QbvgHL12rWx5cN5AsiHL9QtpY/tHPWU27MBRDQ1lXZVKS0HV7hiwXbw+D8aS0ZQoO+47XsS1SxdpvPIVC3eiYQlMc+ir4gJFXzFfFO9gkLrSYBNuc+BQO4n6qo6L6KESNBTMyT1Q7dUOzP/VXCMa+FCNdKUwrKEGhOfDX+kcvq+MEz4mVGrr81xyGfxBc6+FPbOoNE2TVQnERFNhTlzIW4Ohd7V3pGE21BTuQRArox4ZzBc4QNiuuQzQEisR0bPp/Ibsjq11PwDJkoff====</Value>
				</Measurement>
			</Results>
		</Test>
		<EndDateTime>Aug 22 11:37 GMT Summer Time</EndDateTime>
		<EndTestTime>1661164635</EndTestTime>
		<ElapsedMinutes>0</ElapsedMinutes>
	</Testing>
</Site>
